Performing C SOURCE FILE Test CMAKE_HAVE_LIBC_PTHREAD failed with the following output:
Change Dir: /afs/cern.ch/user/h/handerso/GEANT4FINAL/TRD_Build/CMakeFiles/CMakeTmp

Run Build Command(s):/usr/bin/gmake cmTC_72496/fast && /usr/bin/gmake  -f CMakeFiles/cmTC_72496.dir/build.make CMakeFiles/cmTC_72496.dir/build
gmake[1]: Entering directory `/afs/cern.ch/user/h/handerso/GEANT4FINAL/TRD_Build/CMakeFiles/CMakeTmp'
Building C object CMakeFiles/cmTC_72496.dir/src.c.o
/cvmfs/cms.cern.ch/slc7_amd64_gcc10/external/gcc/10.2.0/bin/gcc   -DCMAKE_HAVE_LIBC_PTHREAD   -o CMakeFiles/cmTC_72496.dir/src.c.o   -c /afs/cern.ch/user/h/handerso/GEANT4FINAL/TRD_Build/CMakeFiles/CMakeTmp/src.c
Linking C executable cmTC_72496
/cvmfs/cms.cern.ch/slc7_amd64_gcc10/external/cmake/3.17.2/bin/cmake -E cmake_link_script CMakeFiles/cmTC_72496.dir/link.txt --verbose=1
/cvmfs/cms.cern.ch/slc7_amd64_gcc10/external/gcc/10.2.0/bin/gcc  -DCMAKE_HAVE_LIBC_PTHREAD    CMakeFiles/cmTC_72496.dir/src.c.o  -o cmTC_72496 
/cvmfs/cms.cern.ch/slc7_amd64_gcc10/external/gcc/10.2.0/bin/../lib/gcc/x86_64-unknown-linux-gnu/10.2.1/../../../../x86_64-unknown-linux-gnu/bin/ld: CMakeFiles/cmTC_72496.dir/src.c.o: in function `main':
src.c:(.text+0x2d): undefined reference to `pthread_create'
/cvmfs/cms.cern.ch/slc7_amd64_gcc10/external/gcc/10.2.0/bin/../lib/gcc/x86_64-unknown-linux-gnu/10.2.1/../../../../x86_64-unknown-linux-gnu/bin/ld: src.c:(.text+0x39): undefined reference to `pthread_detach'
/cvmfs/cms.cern.ch/slc7_amd64_gcc10/external/gcc/10.2.0/bin/../lib/gcc/x86_64-unknown-linux-gnu/10.2.1/../../../../x86_64-unknown-linux-gnu/bin/ld: src.c:(.text+0x45): undefined reference to `pthread_cancel'
/cvmfs/cms.cern.ch/slc7_amd64_gcc10/external/gcc/10.2.0/bin/../lib/gcc/x86_64-unknown-linux-gnu/10.2.1/../../../../x86_64-unknown-linux-gnu/bin/ld: src.c:(.text+0x56): undefined reference to `pthread_join'
/cvmfs/cms.cern.ch/slc7_amd64_gcc10/external/gcc/10.2.0/bin/../lib/gcc/x86_64-unknown-linux-gnu/10.2.1/../../../../x86_64-unknown-linux-gnu/bin/ld: src.c:(.text+0x6a): undefined reference to `pthread_atfork'
collect2: error: ld returned 1 exit status
gmake[1]: *** [cmTC_72496] Error 1
gmake[1]: Leaving directory `/afs/cern.ch/user/h/handerso/GEANT4FINAL/TRD_Build/CMakeFiles/CMakeTmp'
gmake: *** [cmTC_72496/fast] Error 2


Source file was:
#include <pthread.h>

void* test_func(void* data)
{
  return data;
}

int main(void)
{
  pthread_t thread;
  pthread_create(&thread, NULL, test_func, NULL);
  pthread_detach(thread);
  pthread_cancel(thread);
  pthread_join(thread, NULL);
  pthread_atfork(NULL, NULL, NULL);
  pthread_exit(NULL);

  return 0;
}

